0 info it worked if it ends with ok
1 verbose cli [ '/Applications/Atom.app/Contents/Frameworks/Atom Helper.app/Contents/MacOS/Atom Helper',
1 verbose cli   '/Applications/Atom.app/Contents/Resources/app/node_modules/atom-package-manager/node_modules/npm/bin/npm-cli.js',
1 verbose cli   '--userconfig',
1 verbose cli   '/Applications/Atom.app/Contents/Resources/app/node_modules/atom-package-manager/.apmrc',
1 verbose cli   'install',
1 verbose cli   '--target=0.11.10',
1 verbose cli   '--arch=x64' ]
2 info using npm@1.4.4
3 info using node@v0.11.10
4 error install Couldn't read dependencies
5 error package.json ENOENT, open '/Users/jameslacroix/package.json'
5 error package.json This is most likely not a problem with npm itself.
5 error package.json npm can't find a package.json file in your current directory.
6 error System Darwin 13.1.0
7 error command "/Applications/Atom.app/Contents/Frameworks/Atom Helper.app/Contents/MacOS/Atom Helper" "/Applications/Atom.app/Contents/Resources/app/node_modules/atom-package-manager/node_modules/npm/bin/npm-cli.js" "--userconfig" "/Applications/Atom.app/Contents/Resources/app/node_modules/atom-package-manager/.apmrc" "install" "--target=0.11.10" "--arch=x64"
8 error cwd /Users/jameslacroix/Code/james-resume
9 error node -v v0.11.10
10 error npm -v 1.4.4
11 error path /Users/jameslacroix/package.json
12 error code ENOPACKAGEJSON
13 error errno -2
14 verbose exit [ -2, true ]
